c:\users\77376\documents\visual studio 2013\projects\helloqt\helloqt\x64\debug\vc120.pdb
c:\users\77376\documents\visual studio 2013\projects\helloqt\helloqt\x64\debug\qrc_helloqt.obj
c:\users\77376\documents\visual studio 2013\projects\helloqt\helloqt\x64\debug\main.obj
c:\users\77376\documents\visual studio 2013\projects\helloqt\helloqt\x64\debug\moc_helloqt.obj
c:\users\77376\documents\visual studio 2013\projects\helloqt\helloqt\x64\debug\helloqt.obj
c:\users\77376\documents\visual studio 2013\projects\helloqt\helloqt\generatedfiles\qrc_helloqt.cpp
c:\users\77376\documents\visual studio 2013\projects\helloqt\helloqt\generatedfiles\debug\moc_helloqt.cpp
c:\users\77376\documents\visual studio 2013\projects\helloqt\helloqt\generatedfiles\ui_helloqt.h
c:\users\77376\documents\visual studio 2013\projects\helloqt\x64\debug\helloqt.ilk
c:\users\77376\documents\visual studio 2013\projects\helloqt\x64\debug\helloqt.exe
c:\users\77376\documents\visual studio 2013\projects\helloqt\x64\debug\helloqt.pdb
c:\users\77376\documents\visual studio 2013\projects\helloqt\helloqt\x64\debug\helloqt.tlog\cl.command.1.tlog
c:\users\77376\documents\visual studio 2013\projects\helloqt\helloqt\x64\debug\helloqt.tlog\cl.read.1.tlog
c:\users\77376\documents\visual studio 2013\projects\helloqt\helloqt\x64\debug\helloqt.tlog\cl.write.1.tlog
c:\users\77376\documents\visual studio 2013\projects\helloqt\helloqt\x64\debug\helloqt.tlog\custombuild.command.1.tlog
c:\users\77376\documents\visual studio 2013\projects\helloqt\helloqt\x64\debug\helloqt.tlog\custombuild.read.1.tlog
c:\users\77376\documents\visual studio 2013\projects\helloqt\helloqt\x64\debug\helloqt.tlog\custombuild.write.1.tlog
c:\users\77376\documents\visual studio 2013\projects\helloqt\helloqt\x64\debug\helloqt.tlog\link.command.1.tlog
c:\users\77376\documents\visual studio 2013\projects\helloqt\helloqt\x64\debug\helloqt.tlog\link.read.1.tlog
c:\users\77376\documents\visual studio 2013\projects\helloqt\helloqt\x64\debug\helloqt.tlog\link.write.1.tlog
