Build started 3/20/2018 10:18:43 AM.
     1>Project "C:\Users\77376\Desktop\git\CRT\CRT\CRT.vcxproj" on node 2 (Build target(s)).
     1>C:\Program Files (x86)\MSBuild\Microsoft.Cpp\v4.0\V120\Microsoft.CppBuild.targets(935,5): warning MSB8027: Two or more files with the name of moc_cpackageinput.cpp will produce outputs to the same location. This can lead to an incorrect build result.  The files involved are GeneratedFiles\Debug\moc_cpackageinput.cpp, GeneratedFiles\Release\moc_cpackageinput.cpp.
     1>C:\Program Files (x86)\MSBuild\Microsoft.Cpp\v4.0\V120\Microsoft.CppBuild.targets(935,5): warning MSB8027: Two or more files with the name of moc_DialogMatch.cpp will produce outputs to the same location. This can lead to an incorrect build result.  The files involved are GeneratedFiles\Debug\moc_DialogMatch.cpp, GeneratedFiles\Release\moc_DialogMatch.cpp.
     1>ClCompile:
         C:\sofaware\VS2013\VC\bin\x86_amd64\CL.exe /c /I.\GeneratedFiles /I. /IC:\sofaware\QT\5.8\msvc2013_64\include /I.\GeneratedFiles\Debug /IC:\sofaware\QT\5.8\msvc2013_64\include\QtCore /IC:\sofaware\QT\5.8\msvc2013_64\include\QtGui /IC:\sofaware\QT\5.8\msvc2013_64\include\QtWidgets /Zi /nologo /W1 /WX- /Od /D UNICODE /D WIN32 /D WIN64 /D QT_DLL /D QT_CORE_LIB /D QT_GUI_LIB /D QT_WIDGETS_LIB /Gm- /EHsc /MDd /GS /fp:precise /Zc:wchar_t /Zc:forScope /Fo"x64\Debug\\" /Fd"x64\Debug\vc120.pdb" /Gd /TP /errorReport:prompt HighLighterStr.cpp
         HighLighterStr.cpp
       Link:
         C:\sofaware\VS2013\VC\bin\x86_amd64\link.exe /ERRORREPORT:PROMPT /OUT:"C:\Users\77376\Desktop\git\CRT\x64\Debug\\CRT.exe" /NOLOGO /LIBPATH:C:\sofaware\QT\5.8\msvc2013_64\lib qtmaind.lib Qt5Cored.lib Qt5Guid.lib Qt5Widgetsd.lib kernel32.lib user32.lib gdi32.lib winspool.lib comdlg32.lib advapi32.lib shell32.lib ole32.lib oleaut32.lib uuid.lib odbc32.lib odbccp32.lib /MANIFEST /MANIFESTUAC:"level='asInvoker' uiAccess='false'" /manifest:embed /DEBUG /PDB:"C:\Users\77376\Desktop\git\CRT\x64\Debug\CRT.pdb" /SUBSYSTEM:WINDOWS /TLBID:1 /DYNAMICBASE /NXCOMPAT /IMPLIB:"C:\Users\77376\Desktop\git\CRT\x64\Debug\CRT.lib" /MACHINE:X64 x64\Debug\cpackageinput.obj
         x64\Debug\DialogMatch.obj
         x64\Debug\moc_cpackageinput.obj
         x64\Debug\moc_DialogMatch.obj
         x64\Debug\qrc_cpackageinput.obj
         x64\Debug\HighLighterStr.obj
         x64\Debug\main.obj
         x64\Debug\MatchStrModule.obj
         CRT.vcxproj -> C:\Users\77376\Desktop\git\CRT\x64\Debug\CRT.exe
     1>Done Building Project "C:\Users\77376\Desktop\git\CRT\CRT\CRT.vcxproj" (Build target(s)).

Build succeeded.

Time Elapsed 00:00:01.87
