生成启动时间为 7/18/2018 1:22:10 AM。
     1>项目“C:\Users\YHF\Desktop\git\FemtoMonitorcenter\FemtoMonitorcenter\FemtoMonitorcenter.vcxproj”在节点 2 上(Build 个目标)。
     1>QtFinalize:
         Moc'ing ManageThreadObject.h...
       ClCompile:
         C:\Program Files (x86)\Microsoft Visual Studio 12.0\VC\bin\x86_amd64\CL.exe /c /I.\GeneratedFiles /I. /IC:\Qt\Qt5.8.0\5.8\msvc2013_64\include /I.\GeneratedFiles\Debug /IC:\Qt\Qt5.8.0\5.8\msvc2013_64\include\QtCore /IC:\Qt\Qt5.8.0\5.8\msvc2013_64\include\QtGui /IC:\Qt\Qt5.8.0\5.8\msvc2013_64\include\QtANGLE /IC:\Qt\Qt5.8.0\5.8\msvc2013_64\include\QtWidgets /I.\src /IC:\Qt\Qt5.8.0\5.8\msvc2013_64\include\QtCore\5.8.0\QtCore /IC:\Qt\Qt5.8.0\5.8\msvc2013_64\include\QtGui\5.8.0\QtGui /IC:\Qt\Qt5.8.0\5.8\msvc2013_64\include\QtWidgets\5.8.0\QtWidgets /Zi /nologo /W1 /WX- /MP /Od /D UNICODE /D WIN32 /D WIN64 /D QT_DLL /D QT_CORE_LIB /D QT_GUI_LIB /D QT_WIDGETS_LIB /Gm /EHsc /MDd /GS /fp:precise /Zc:wchar_t /Zc:forScope /Fo"x64\Debug\\" /Fd"x64\Debug\vc120.pdb" /Gd /TP /errorReport:prompt .\GeneratedFiles\Debug\moc_CFemtoMonitorcenter.cpp .\GeneratedFiles\Debug\moc_ManageThreadObject.cpp CFemtoMonitorSlotFunction.cpp CFemtoMonitorcenter.cpp ManageThreadObject.cpp ReadDataThread.cpp main.cpp
     1>cl : 命令行 warning D9030: “/Gm”与多处理不兼容；忽略 /MP 开关
         ReadDataThread.cpp
         ManageThreadObject.cpp
         moc_ManageThreadObject.cpp
         正在生成代码...
         正在编译...
         CFemtoMonitorSlotFunction.cpp
         正在生成代码...
         正在跳过...(未检测到相关更改)
         main.cpp
         CFemtoMonitorcenter.cpp
         moc_CFemtoMonitorcenter.cpp
       Link:
         C:\Program Files (x86)\Microsoft Visual Studio 12.0\VC\bin\x86_amd64\link.exe /ERRORREPORT:PROMPT /OUT:"C:\Users\YHF\Desktop\git\FemtoMonitorcenter\x64\Debug\\FemtoMonitorcenter.exe" /INCREMENTAL /NOLOGO /LIBPATH:C:\Qt\Qt5.8.0\5.8\msvc2013_64\lib qtmaind.lib Qt5Cored.lib Qt5Guid.lib Qt5Widgetsd.lib kernel32.lib user32.lib gdi32.lib winspool.lib comdlg32.lib advapi32.lib shell32.lib ole32.lib oleaut32.lib uuid.lib odbc32.lib odbccp32.lib /MANIFEST /MANIFESTUAC:"level='asInvoker' uiAccess='false'" /manifest:embed /DEBUG /PDB:"C:\Users\YHF\Desktop\git\FemtoMonitorcenter\x64\Debug\FemtoMonitorcenter.pdb" /SUBSYSTEM:WINDOWS /TLBID:1 /DYNAMICBASE /NXCOMPAT /IMPLIB:"C:\Users\YHF\Desktop\git\FemtoMonitorcenter\x64\Debug\FemtoMonitorcenter.lib" /MACHINE:X64 x64\Debug\CFemtoMonitorcenter.obj
         x64\Debug\CFemtoMonitorSlotFunction.obj
         x64\Debug\main.obj
         x64\Debug\ManageThreadObject.obj
         x64\Debug\QRingBuf.obj
         x64\Debug\ReadDataThread.obj
         x64\Debug\ThreadQtextbrowser.obj
         x64\Debug\moc_CFemtoMonitorcenter.obj
         x64\Debug\moc_ManageThreadObject.obj
         x64\Debug\moc_ReadDataThread.obj
         x64\Debug\moc_ThreadQtextbrowser.obj
         x64\Debug\qrc_CFemtoMonitorcenter.obj
         FemtoMonitorcenter.vcxproj -> C:\Users\YHF\Desktop\git\FemtoMonitorcenter\x64\Debug\FemtoMonitorcenter.exe
     1>已完成生成项目“C:\Users\YHF\Desktop\git\FemtoMonitorcenter\FemtoMonitorcenter\FemtoMonitorcenter.vcxproj”(Build 个目标)的操作。

生成成功。

已用时间 00:00:15.78
